<?xml version="1.0" encoding="UTF-8"?>
<testng-results ignored="0" total="1" passed="1" failed="0" skipped="0">
  <reporter-output>
  </reporter-output>
  <suite started-at="2022-07-24T21:36:37 AST" name="Default suite" finished-at="2022-07-24T21:36:55 AST" duration-ms="17931">
    <groups>
    </groups>
    <test started-at="2022-07-24T21:36:37 AST" name="Default test" finished-at="2022-07-24T21:36:55 AST" duration-ms="17931">
      <class name="Ass3XpathLocator.chromeWebDriver">
        <test-method signature="f()[pri:0, instance:Ass3XpathLocator.chromeWebDriver@419c5f1a]" started-at="2022-07-24T21:36:37 AST" name="f" finished-at="2022-07-24T21:36:55 AST" duration-ms="17879" status="PASS">
          <reporter-output>
          </reporter-output>
        </test-method> <!-- f -->
      </class> <!-- Ass3XpathLocator.chromeWebDriver -->
    </test> <!-- Default test -->
  </suite> <!-- Default suite -->
</testng-results>
